<?xml version="1.0" encoding="UTF-8"?>
<testng-results total="2" passed="2" failed="0" skipped="0">
  <reporter-output>
  </reporter-output>
  <suite started-at="2023-06-02T22:21:15Z" name="Default suite" finished-at="2023-06-02T22:21:52Z" duration-ms="37222">
    <groups>
    </groups>
    <test started-at="2023-06-02T22:21:15Z" name="Default test" finished-at="2023-06-02T22:21:52Z" duration-ms="37222">
      <class name="com.practice.Day7_4">
        <test-method signature="testcase1()[pri:0, instance:com.practice.Day7_4@be68757]" started-at="2023-06-02T15:21:15Z" name="testcase1" finished-at="2023-06-02T15:21:42Z" duration-ms="26526" status="PASS">
          <reporter-output>
          </reporter-output>
        </test-method> <!-- testcase1 -->
        <test-method signature="testcase2()[pri:0, instance:com.practice.Day7_4@be68757]" started-at="2023-06-02T15:21:42Z" name="testcase2" finished-at="2023-06-02T15:21:52Z" depends-on-methods="com.practice.Day7_4.testcase1" duration-ms="10674" status="PASS">
          <reporter-output>
          </reporter-output>
        </test-method> <!-- testcase2 -->
      </class> <!-- com.practice.Day7_4 -->
    </test> <!-- Default test -->
  </suite> <!-- Default suite -->
</testng-results>
