<?xml version="1.0" encoding="UTF-8"?>
<testng-results total="1" passed="1" failed="0" skipped="0">
  <reporter-output>
  </reporter-output>
  <suite started-at="2023-06-02T17:14:37Z" name="Default suite" finished-at="2023-06-02T17:14:37Z" duration-ms="51">
    <groups>
    </groups>
    <test started-at="2023-06-02T17:14:37Z" name="Default test" finished-at="2023-06-02T17:14:37Z" duration-ms="51">
      <class name="com.practice.NewTest">
        <test-method signature="f()[pri:0, instance:com.practice.NewTest@3697186]" started-at="2023-06-02T10:14:37Z" name="f" finished-at="2023-06-02T10:14:37Z" duration-ms="17" status="PASS">
          <reporter-output>
          </reporter-output>
        </test-method> <!-- f -->
      </class> <!-- com.practice.NewTest -->
    </test> <!-- Default test -->
  </suite> <!-- Default suite -->
</testng-results>
